11/22/2023 04:06:40 PM -- INFO -- ******************* New Run Beginning *****************
11/22/2023 04:06:40 PM -- DEBUG -- CUDA: ENABLED
11/22/2023 04:06:40 PM -- INFO -- ./MalwareGAN/main.py 10 32 100 ./MalwareGAN/data/trial_mal.npy ./MalwareGAN/data/trial_ben.npy
11/22/2023 04:06:40 PM -- DEBUG -- Constructing new MalGAN
11/22/2023 04:06:40 PM -- DEBUG -- Malware Dimension (M): 128
11/22/2023 04:06:40 PM -- DEBUG -- Latent Dimension (Z): 10
11/22/2023 04:06:40 PM -- DEBUG -- Test Split Ratio: 0.200
11/22/2023 04:06:40 PM -- DEBUG -- Generator Hidden Layer Sizes: [256, 256]
11/22/2023 04:06:40 PM -- DEBUG -- Discriminator Hidden Layer Sizes: [256, 256]
11/22/2023 04:06:40 PM -- DEBUG -- Blackbox Detector Type: RandomForest
11/22/2023 04:06:40 PM -- DEBUG -- Activation Type: LeakyReLU
11/22/2023 04:06:40 PM -- DEBUG -- Starting training of blackbox detector of type "RandomForest"
11/22/2023 04:06:40 PM -- DEBUG -- COMPLETED training of blackbox detector of type "RandomForest"
11/22/2023 04:06:41 PM -- INFO -- Epoch    Gen Train Loss       Gen Valid Loss     Discrim Train Loss   Best? 
11/22/2023 04:06:41 PM -- INFO -- ----- -------------------- -------------------- -------------------- -------
11/22/2023 04:06:42 PM -- INFO --   1        -6.469E-1            -6.385E-1              1.3887           +   
11/22/2023 04:06:43 PM -- INFO --   2        -6.377E-1            -6.381E-1              1.3930               
11/22/2023 04:06:43 PM -- INFO --   3        -6.501E-1            -6.627E-1              1.3671           +   
11/22/2023 04:06:43 PM -- INFO --   4        -6.727E-1            -6.755E-1              1.3565           +   
11/22/2023 04:06:44 PM -- INFO --   5        -6.782E-1            -6.732E-1              1.3419               
11/22/2023 04:06:44 PM -- INFO --   6        -6.775E-1            -6.762E-1              1.3193           +   
11/22/2023 04:06:44 PM -- INFO --   7        -6.849E-1            -6.792E-1              1.3050           +   
11/22/2023 04:06:45 PM -- INFO --   8        -6.854E-1            -6.800E-1              1.2863           +   
11/22/2023 04:06:45 PM -- INFO --   9        -6.905E-1            -6.832E-1              1.2656           +   
11/22/2023 04:06:46 PM -- INFO --  10        -6.939E-1            -6.879E-1              1.2415           +   
11/22/2023 04:06:46 PM -- INFO --  11        -7.056E-1            -7.037E-1              1.2233           +   
11/22/2023 04:06:46 PM -- INFO --  12        -7.306E-1            -7.253E-1              1.2152           +   
11/22/2023 04:06:47 PM -- INFO --  13        -7.467E-1            -7.322E-1              1.1991           +   
11/22/2023 04:06:47 PM -- INFO --  14        -7.442E-1            -7.203E-1              1.1723               
11/22/2023 04:06:47 PM -- INFO --  15        -7.399E-1            -7.152E-1              1.1439               
11/22/2023 04:06:48 PM -- INFO --  16        -7.384E-1            -7.111E-1              1.1164               
11/22/2023 04:06:48 PM -- INFO --  17        -7.391E-1            -7.124E-1              1.0848               
11/22/2023 04:06:48 PM -- INFO --  18        -7.443E-1            -7.138E-1              1.0561               
11/22/2023 04:06:49 PM -- INFO --  19        -7.453E-1            -7.158E-1              1.0178               
11/22/2023 04:06:49 PM -- INFO --  20        -7.584E-1            -7.266E-1              0.9930               
11/22/2023 04:06:50 PM -- INFO --  21        -7.636E-1            -7.205E-1              0.9565               
11/22/2023 04:06:50 PM -- INFO --  22        -7.638E-1            -7.252E-1              0.9323               
11/22/2023 04:06:51 PM -- INFO --  23        -7.879E-1            -7.602E-1              0.8921           +   
11/22/2023 04:06:51 PM -- INFO --  24        -8.332E-1            -7.958E-1              0.8604           +   
11/22/2023 04:06:51 PM -- INFO --  25        -8.646E-1            -8.215E-1              0.8209           +   
11/22/2023 04:06:52 PM -- INFO --  26        -8.928E-1            -8.384E-1              0.7837           +   
11/22/2023 04:06:52 PM -- INFO --  27        -9.090E-1            -8.729E-1              0.7485           +   
11/22/2023 04:06:52 PM -- INFO --  28        -9.642E-1            -9.225E-1              0.7282           +   
11/22/2023 04:06:53 PM -- INFO --  29        -9.890E-1            -8.993E-1              0.7288               
11/22/2023 04:06:53 PM -- INFO --  30        -9.649E-1            -9.090E-1              0.6826               
11/22/2023 04:06:53 PM -- INFO --  31        -1.005E+0            -9.328E-1              0.6670           +   
11/22/2023 04:06:54 PM -- INFO --  32        -1.012E+0            -9.202E-1              0.6459               
11/22/2023 04:06:54 PM -- INFO --  33        -9.888E-1            -9.014E-1              0.6256               
11/22/2023 04:06:55 PM -- INFO --  34        -1.013E+0            -9.284E-1              0.5912               
11/22/2023 04:06:55 PM -- INFO --  35        -1.041E+0            -9.610E-1              0.5459           +   
11/22/2023 04:06:56 PM -- INFO --  36        -1.065E+0            -9.926E-1              0.5260           +   
11/22/2023 04:06:56 PM -- INFO --  37        -1.114E+0            -1.018E+0              0.5103           +   
11/22/2023 04:06:56 PM -- INFO --  38        -1.155E+0            -1.074E+0              0.5020           +   
11/22/2023 04:06:57 PM -- INFO --  39        -1.217E+0            -1.120E+0              0.4958           +   
11/22/2023 04:06:57 PM -- INFO --  40        -1.263E+0            -1.177E+0              0.4955           +   
11/22/2023 04:06:57 PM -- INFO --  41        -1.321E+0            -1.224E+0              0.4839           +   
11/22/2023 04:06:58 PM -- INFO --  42        -1.359E+0            -1.239E+0              0.4755           +   
11/22/2023 04:06:58 PM -- INFO --  43        -1.386E+0            -1.266E+0              0.4642           +   
11/22/2023 04:06:58 PM -- INFO --  44        -1.405E+0            -1.299E+0              0.4518           +   
11/22/2023 04:06:59 PM -- INFO --  45        -1.426E+0            -1.307E+0              0.4443           +   
11/22/2023 04:06:59 PM -- INFO --  46        -1.450E+0            -1.330E+0              0.4431           +   
11/22/2023 04:06:59 PM -- INFO --  47        -1.486E+0            -1.343E+0              0.4181           +   
11/22/2023 04:07:00 PM -- INFO --  48        -1.499E+0            -1.374E+0              0.3978           +   
11/22/2023 04:07:00 PM -- INFO --  49        -1.489E+0            -1.329E+0              0.3933               
11/22/2023 04:07:00 PM -- INFO --  50        -1.467E+0            -1.302E+0              0.3776               
11/22/2023 04:07:01 PM -- INFO --  51        -1.451E+0            -1.267E+0              0.4031               
11/22/2023 04:07:01 PM -- INFO --  52        -1.402E+0            -1.259E+0              0.3938               
11/22/2023 04:07:02 PM -- INFO --  53        -1.417E+0            -1.269E+0              0.3805               
11/22/2023 04:07:02 PM -- INFO --  54        -1.420E+0            -1.265E+0              0.3844               
11/22/2023 04:07:02 PM -- INFO --  55        -1.431E+0            -1.272E+0              0.3553               
11/22/2023 04:07:03 PM -- INFO --  56        -1.442E+0            -1.284E+0              0.3659               
11/22/2023 04:07:03 PM -- INFO --  57        -1.450E+0            -1.320E+0              0.3550               
11/22/2023 04:07:03 PM -- INFO --  58        -1.500E+0            -1.308E+0              0.3355               
11/22/2023 04:07:04 PM -- INFO --  59        -1.477E+0            -1.315E+0              0.3378               
11/22/2023 04:07:04 PM -- INFO --  60        -1.511E+0            -1.313E+0              0.3453               
11/22/2023 04:07:05 PM -- INFO --  61        -1.430E+0            -1.214E+0              0.3406               
11/22/2023 04:07:05 PM -- INFO --  62        -1.365E+0            -1.213E+0              0.3172               
11/22/2023 04:07:05 PM -- INFO --  63        -1.369E+0            -1.212E+0              0.2994               
11/22/2023 04:07:06 PM -- INFO --  64        -1.371E+0            -1.192E+0              0.2911               
11/22/2023 04:07:06 PM -- INFO --  65        -1.371E+0            -1.199E+0              0.3058               
11/22/2023 04:07:06 PM -- INFO --  66        -1.385E+0            -1.208E+0              0.2929               
11/22/2023 04:07:07 PM -- INFO --  67        -1.400E+0            -1.217E+0              0.2984               
11/22/2023 04:07:07 PM -- INFO --  68        -1.375E+0            -1.188E+0              0.3106               
11/22/2023 04:07:07 PM -- INFO --  69        -1.383E+0            -1.219E+0              0.3102               
11/22/2023 04:07:08 PM -- INFO --  70        -1.374E+0            -1.167E+0              0.3243               
11/22/2023 04:07:08 PM -- INFO --  71        -1.352E+0            -1.202E+0              0.2833               
11/22/2023 04:07:08 PM -- INFO --  72        -1.389E+0            -1.215E+0              0.2697               
11/22/2023 04:07:09 PM -- INFO --  73        -1.430E+0            -1.248E+0              0.2820               
11/22/2023 04:07:09 PM -- INFO --  74        -1.444E+0            -1.255E+0              0.2608               
11/22/2023 04:07:09 PM -- INFO --  75        -1.429E+0            -1.259E+0              0.2732               
11/22/2023 04:07:09 PM -- INFO --  76        -1.440E+0            -1.284E+0              0.2782               
11/22/2023 04:07:10 PM -- INFO --  77        -1.487E+0            -1.273E+0              0.2637               
11/22/2023 04:07:10 PM -- INFO --  78        -1.460E+0            -1.172E+0              0.3926               
11/22/2023 04:07:10 PM -- INFO --  79        -1.217E+0            -9.743E-1              0.4928               
11/22/2023 04:07:11 PM -- INFO --  80        -1.113E+0            -9.439E-1              0.4043               
11/22/2023 04:07:11 PM -- INFO --  81        -1.095E+0            -9.193E-1              0.4283               
11/22/2023 04:07:11 PM -- INFO --  82        -1.062E+0            -8.871E-1              0.4282               
11/22/2023 04:07:12 PM -- INFO --  83        -1.052E+0            -8.865E-1              0.4384               
11/22/2023 04:07:12 PM -- INFO --  84        -1.015E+0            -8.346E-1              0.4619               
11/22/2023 04:07:12 PM -- INFO --  85        -9.844E-1            -8.011E-1              0.5041               
11/22/2023 04:07:13 PM -- INFO --  86        -9.291E-1            -7.929E-1              0.4836               
11/22/2023 04:07:13 PM -- INFO --  87        -9.063E-1            -7.449E-1              0.4680               
11/22/2023 04:07:13 PM -- INFO --  88        -8.714E-1            -7.225E-1              0.4619               
11/22/2023 04:07:14 PM -- INFO --  89        -8.656E-1            -7.356E-1              0.4306               
11/22/2023 04:07:14 PM -- INFO --  90        -8.681E-1            -7.003E-1              0.4559               
11/22/2023 04:07:14 PM -- INFO --  91        -8.166E-1            -6.575E-1              0.4484               
11/22/2023 04:07:15 PM -- INFO --  92        -7.673E-1            -6.356E-1              0.4855               
11/22/2023 04:07:15 PM -- INFO --  93        -7.859E-1            -6.774E-1              0.4883               
11/22/2023 04:07:15 PM -- INFO --  94        -7.432E-1            -5.813E-1              0.7299               
11/22/2023 04:07:16 PM -- INFO --  95        -7.275E-1            -6.660E-1              0.7102               
11/22/2023 04:07:16 PM -- INFO --  96        -7.781E-1            -6.361E-1              0.7685               
11/22/2023 04:07:16 PM -- INFO --  97        -8.047E-1            -7.238E-1              0.8017               
11/22/2023 04:07:17 PM -- INFO --  98        -8.207E-1            -6.559E-1              0.7517               
11/22/2023 04:07:17 PM -- INFO --  99        -7.443E-1            -6.029E-1              0.7246               
11/22/2023 04:07:17 PM -- INFO --  100       -7.376E-1            -7.051E-1              0.4709               
11/22/2023 04:07:17 PM -- DEBUG -- Final Validation Loss: -1.374231
11/22/2023 04:07:17 PM -- DEBUG -- Final Test Loss: -1.581429
11/22/2023 04:07:17 PM -- DEBUG -- Avg. Malware Bits Changed Changed: 23.791208
