11/22/2023 04:08:17 PM -- INFO -- ******************* New Run Beginning *****************
11/22/2023 04:08:17 PM -- DEBUG -- CUDA: ENABLED
11/22/2023 04:08:17 PM -- INFO -- ./MalwareGAN/main.py 10 32 50 ./MalwareGAN/data/trial_mal.npy ./MalwareGAN/data/trial_ben.npy
11/22/2023 04:08:17 PM -- DEBUG -- Constructing new MalGAN
11/22/2023 04:08:17 PM -- DEBUG -- Malware Dimension (M): 128
11/22/2023 04:08:17 PM -- DEBUG -- Latent Dimension (Z): 10
11/22/2023 04:08:17 PM -- DEBUG -- Test Split Ratio: 0.200
11/22/2023 04:08:17 PM -- DEBUG -- Generator Hidden Layer Sizes: [256, 256]
11/22/2023 04:08:17 PM -- DEBUG -- Discriminator Hidden Layer Sizes: [256, 256]
11/22/2023 04:08:17 PM -- DEBUG -- Blackbox Detector Type: RandomForest
11/22/2023 04:08:17 PM -- DEBUG -- Activation Type: LeakyReLU
11/22/2023 04:08:17 PM -- DEBUG -- Starting training of blackbox detector of type "RandomForest"
11/22/2023 04:08:18 PM -- DEBUG -- COMPLETED training of blackbox detector of type "RandomForest"
11/22/2023 04:08:19 PM -- INFO -- Epoch    Gen Train Loss       Gen Valid Loss     Discrim Train Loss   Best? 
11/22/2023 04:08:19 PM -- INFO -- ----- -------------------- -------------------- -------------------- -------
11/22/2023 04:08:20 PM -- INFO --   1        -7.293E-1            -7.218E-1              1.4281           +   
11/22/2023 04:08:21 PM -- INFO --   2        -7.204E-1            -7.236E-1              1.4335           +   
11/22/2023 04:08:21 PM -- INFO --   3        -7.287E-1            -7.330E-1              1.4048           +   
11/22/2023 04:08:21 PM -- INFO --   4        -7.314E-1            -7.292E-1              1.3916               
11/22/2023 04:08:22 PM -- INFO --   5        -7.235E-1            -7.181E-1              1.3794               
11/22/2023 04:08:22 PM -- INFO --   6        -7.110E-1            -7.053E-1              1.3609               
11/22/2023 04:08:23 PM -- INFO --   7        -6.982E-1            -6.922E-1              1.3453               
11/22/2023 04:08:23 PM -- INFO --   8        -6.832E-1            -6.766E-1              1.3279               
11/22/2023 04:08:23 PM -- INFO --   9        -6.666E-1            -6.597E-1              1.3092               
11/22/2023 04:08:24 PM -- INFO --  10        -6.572E-1            -6.602E-1              1.2923               
11/22/2023 04:08:24 PM -- INFO --  11        -6.537E-1            -6.489E-1              1.2833               
11/22/2023 04:08:24 PM -- INFO --  12        -6.448E-1            -6.483E-1              1.2613               
11/22/2023 04:08:25 PM -- INFO --  13        -6.506E-1            -6.555E-1              1.2540               
11/22/2023 04:08:25 PM -- INFO --  14        -6.571E-1            -6.686E-1              1.2412               
11/22/2023 04:08:26 PM -- INFO --  15        -6.610E-1            -6.619E-1              1.2285               
11/22/2023 04:08:26 PM -- INFO --  16        -6.599E-1            -6.658E-1              1.2033               
11/22/2023 04:08:26 PM -- INFO --  17        -6.591E-1            -6.592E-1              1.1946               
11/22/2023 04:08:27 PM -- INFO --  18        -6.492E-1            -6.484E-1              1.1737               
11/22/2023 04:08:27 PM -- INFO --  19        -6.412E-1            -6.574E-1              1.1493               
11/22/2023 04:08:27 PM -- INFO --  20        -6.617E-1            -6.755E-1              1.1235               
11/22/2023 04:08:28 PM -- INFO --  21        -6.841E-1            -6.999E-1              1.0858               
11/22/2023 04:08:28 PM -- INFO --  22        -7.052E-1            -7.221E-1              1.0590               
11/22/2023 04:08:28 PM -- INFO --  23        -7.241E-1            -7.416E-1              1.0264           +   
11/22/2023 04:08:29 PM -- INFO --  24        -7.441E-1            -7.597E-1              0.9897           +   
11/22/2023 04:08:29 PM -- INFO --  25        -7.595E-1            -7.711E-1              0.9792           +   
11/22/2023 04:08:30 PM -- INFO --  26        -7.752E-1            -7.979E-1              0.9351           +   
11/22/2023 04:08:30 PM -- INFO --  27        -7.966E-1            -8.200E-1              0.9060           +   
11/22/2023 04:08:30 PM -- INFO --  28        -8.228E-1            -8.397E-1              0.8671           +   
11/22/2023 04:08:31 PM -- INFO --  29        -8.309E-1            -8.489E-1              0.8433           +   
11/22/2023 04:08:31 PM -- INFO --  30        -8.349E-1            -8.488E-1              0.8246               
11/22/2023 04:08:32 PM -- INFO --  31        -8.420E-1            -8.566E-1              0.7852           +   
11/22/2023 04:08:32 PM -- INFO --  32        -8.578E-1            -8.751E-1              0.7425           +   
11/22/2023 04:08:32 PM -- INFO --  33        -8.683E-1            -8.836E-1              0.7279           +   
11/22/2023 04:08:33 PM -- INFO --  34        -8.827E-1            -9.006E-1              0.7097           +   
11/22/2023 04:08:33 PM -- INFO --  35        -8.879E-1            -9.089E-1              0.6597           +   
11/22/2023 04:08:33 PM -- INFO --  36        -9.062E-1            -9.184E-1              0.6625           +   
11/22/2023 04:08:34 PM -- INFO --  37        -9.179E-1            -9.472E-1              0.6459           +   
11/22/2023 04:08:34 PM -- INFO --  38        -9.398E-1            -9.654E-1              0.6139           +   
11/22/2023 04:08:34 PM -- INFO --  39        -9.636E-1            -9.845E-1              0.5930           +   
11/22/2023 04:08:35 PM -- INFO --  40        -9.598E-1            -9.686E-1              0.5828               
11/22/2023 04:08:35 PM -- INFO --  41        -9.594E-1            -9.959E-1              0.5522           +   
11/22/2023 04:08:35 PM -- INFO --  42        -9.987E-1            -1.025E+0              0.5331           +   
11/22/2023 04:08:36 PM -- INFO --  43        -1.009E+0            -1.028E+0              0.5156           +   
11/22/2023 04:08:36 PM -- INFO --  44        -1.033E+0            -1.050E+0              0.5015           +   
11/22/2023 04:08:37 PM -- INFO --  45        -1.052E+0            -1.086E+0              0.4677           +   
11/22/2023 04:08:37 PM -- INFO --  46        -1.083E+0            -1.111E+0              0.4533           +   
11/22/2023 04:08:37 PM -- INFO --  47        -1.121E+0            -1.194E+0              0.4334           +   
11/22/2023 04:08:38 PM -- INFO --  48        -1.188E+0            -1.215E+0              0.4220           +   
11/22/2023 04:08:38 PM -- INFO --  49        -1.215E+0            -1.233E+0              0.4084           +   
11/22/2023 04:08:38 PM -- INFO --  50        -1.207E+0            -1.206E+0              0.4432               
11/22/2023 04:08:39 PM -- DEBUG -- Final Validation Loss: -1.233253
11/22/2023 04:08:39 PM -- DEBUG -- Final Test Loss: -1.143348
11/22/2023 04:08:39 PM -- DEBUG -- Avg. Malware Bits Changed Changed: 25.300365
