11/22/2023 04:17:10 PM -- INFO -- ******************* New Run Beginning *****************
11/22/2023 04:17:10 PM -- DEBUG -- CUDA: ENABLED
11/22/2023 04:17:10 PM -- INFO -- ./MalwareGAN/main.py 10 32 200 ./MalwareGAN/data/trial_mal.npy ./MalwareGAN/data/trial_ben.npy
11/22/2023 04:17:10 PM -- DEBUG -- Constructing new MalGAN
11/22/2023 04:17:10 PM -- DEBUG -- Malware Dimension (M): 128
11/22/2023 04:17:10 PM -- DEBUG -- Latent Dimension (Z): 10
11/22/2023 04:17:10 PM -- DEBUG -- Test Split Ratio: 0.200
11/22/2023 04:17:10 PM -- DEBUG -- Generator Hidden Layer Sizes: [256, 256]
11/22/2023 04:17:10 PM -- DEBUG -- Discriminator Hidden Layer Sizes: [256, 256]
11/22/2023 04:17:10 PM -- DEBUG -- Blackbox Detector Type: RandomForest
11/22/2023 04:17:10 PM -- DEBUG -- Activation Type: LeakyReLU
11/22/2023 04:17:10 PM -- DEBUG -- Starting training of blackbox detector of type "RandomForest"
11/22/2023 04:17:10 PM -- DEBUG -- COMPLETED training of blackbox detector of type "RandomForest"
11/22/2023 04:17:11 PM -- INFO -- Epoch    Gen Train Loss       Gen Valid Loss     Discrim Train Loss   Best? 
11/22/2023 04:17:11 PM -- INFO -- ----- -------------------- -------------------- -------------------- -------
11/22/2023 04:17:13 PM -- INFO --   1        -6.656E-1            -6.566E-1              1.4186           +   
11/22/2023 04:17:13 PM -- INFO --   2        -6.533E-1            -6.522E-1              1.4280               
11/22/2023 04:17:13 PM -- INFO --   3        -6.564E-1            -6.620E-1              1.4086           +   
11/22/2023 04:17:14 PM -- INFO --   4        -6.639E-1            -6.642E-1              1.3860           +   
11/22/2023 04:17:14 PM -- INFO --   5        -6.641E-1            -6.653E-1              1.3677           +   
11/22/2023 04:17:14 PM -- INFO --   6        -6.700E-1            -6.721E-1              1.3466           +   
11/22/2023 04:17:15 PM -- INFO --   7        -6.776E-1            -6.780E-1              1.3318           +   
11/22/2023 04:17:15 PM -- INFO --   8        -6.851E-1            -6.876E-1              1.3097           +   
11/22/2023 04:17:15 PM -- INFO --   9        -6.994E-1            -7.063E-1              1.2919           +   
11/22/2023 04:17:16 PM -- INFO --  10        -7.128E-1            -7.104E-1              1.2799           +   
11/22/2023 04:17:16 PM -- INFO --  11        -7.142E-1            -7.097E-1              1.2626               
11/22/2023 04:17:17 PM -- INFO --  12        -7.163E-1            -7.144E-1              1.2406           +   
11/22/2023 04:17:17 PM -- INFO --  13        -7.190E-1            -7.096E-1              1.2254               
11/22/2023 04:17:17 PM -- INFO --  14        -7.130E-1            -7.038E-1              1.1964               
11/22/2023 04:17:18 PM -- INFO --  15        -7.078E-1            -6.996E-1              1.1681               
11/22/2023 04:17:18 PM -- INFO --  16        -7.040E-1            -6.891E-1              1.1445               
11/22/2023 04:17:18 PM -- INFO --  17        -6.976E-1            -6.880E-1              1.1178               
11/22/2023 04:17:19 PM -- INFO --  18        -6.955E-1            -6.811E-1              1.0933               
11/22/2023 04:17:19 PM -- INFO --  19        -6.972E-1            -6.950E-1              1.0652               
11/22/2023 04:17:20 PM -- INFO --  20        -7.082E-1            -7.024E-1              1.0351               
11/22/2023 04:17:20 PM -- INFO --  21        -7.292E-1            -7.346E-1              1.0134           +   
11/22/2023 04:17:20 PM -- INFO --  22        -7.404E-1            -7.148E-1              1.0050               
11/22/2023 04:17:21 PM -- INFO --  23        -7.303E-1            -7.075E-1              0.9637               
11/22/2023 04:17:21 PM -- INFO --  24        -7.318E-1            -7.198E-1              0.9297               
11/22/2023 04:17:21 PM -- INFO --  25        -7.363E-1            -7.197E-1              0.9066               
11/22/2023 04:17:22 PM -- INFO --  26        -7.528E-1            -7.695E-1              0.8729           +   
11/22/2023 04:17:22 PM -- INFO --  27        -7.932E-1            -7.613E-1              0.8564               
11/22/2023 04:17:22 PM -- INFO --  28        -7.986E-1            -7.944E-1              0.8308           +   
11/22/2023 04:17:23 PM -- INFO --  29        -8.322E-1            -8.058E-1              0.7712           +   
11/22/2023 04:17:23 PM -- INFO --  30        -8.461E-1            -8.254E-1              0.7564           +   
11/22/2023 04:17:24 PM -- INFO --  31        -8.803E-1            -8.591E-1              0.7118           +   
11/22/2023 04:17:24 PM -- INFO --  32        -9.377E-1            -9.229E-1              0.6842           +   
11/22/2023 04:17:24 PM -- INFO --  33        -9.631E-1            -9.277E-1              0.6593           +   
11/22/2023 04:17:25 PM -- INFO --  34        -9.766E-1            -9.328E-1              0.6156           +   
11/22/2023 04:17:25 PM -- INFO --  35        -9.754E-1            -9.435E-1              0.6110           +   
11/22/2023 04:17:25 PM -- INFO --  36        -1.007E+0            -9.676E-1              0.5804           +   
11/22/2023 04:17:26 PM -- INFO --  37        -1.016E+0            -9.804E-1              0.5716           +   
11/22/2023 04:17:26 PM -- INFO --  38        -1.037E+0            -9.985E-1              0.5457           +   
11/22/2023 04:17:26 PM -- INFO --  39        -1.072E+0            -1.034E+0              0.5238           +   
11/22/2023 04:17:27 PM -- INFO --  40        -1.085E+0            -1.025E+0              0.5098               
11/22/2023 04:17:27 PM -- INFO --  41        -1.082E+0            -1.022E+0              0.4868               
11/22/2023 04:17:27 PM -- INFO --  42        -1.098E+0            -1.039E+0              0.4672           +   
11/22/2023 04:17:27 PM -- INFO --  43        -1.101E+0            -1.053E+0              0.4652           +   
11/22/2023 04:17:28 PM -- INFO --  44        -1.113E+0            -1.061E+0              0.4304           +   
11/22/2023 04:17:28 PM -- INFO --  45        -1.128E+0            -1.075E+0              0.4249           +   
11/22/2023 04:17:28 PM -- INFO --  46        -1.173E+0            -1.124E+0              0.4362           +   
11/22/2023 04:17:29 PM -- INFO --  47        -1.206E+0            -1.144E+0              0.4218           +   
11/22/2023 04:17:29 PM -- INFO --  48        -1.268E+0            -1.297E+0              0.4557           +   
11/22/2023 04:17:29 PM -- INFO --  49        -1.449E+0            -1.454E+0              0.4141           +   
11/22/2023 04:17:30 PM -- INFO --  50        -1.545E+0            -1.475E+0              0.4259           +   
11/22/2023 04:17:30 PM -- INFO --  51        -1.496E+0            -1.362E+0              0.4324               
11/22/2023 04:17:30 PM -- INFO --  52        -1.438E+0            -1.350E+0              0.4138               
11/22/2023 04:17:31 PM -- INFO --  53        -1.406E+0            -1.336E+0              0.4120               
11/22/2023 04:17:31 PM -- INFO --  54        -1.432E+0            -1.399E+0              0.3878               
11/22/2023 04:17:31 PM -- INFO --  55        -1.515E+0            -1.451E+0              0.3895               
11/22/2023 04:17:31 PM -- INFO --  56        -1.535E+0            -1.427E+0              0.3933               
11/22/2023 04:17:32 PM -- INFO --  57        -1.491E+0            -1.434E+0              0.3894               
11/22/2023 04:17:32 PM -- INFO --  58        -1.497E+0            -1.388E+0              0.3706               
11/22/2023 04:17:33 PM -- INFO --  59        -1.400E+0            -1.274E+0              0.3582               
11/22/2023 04:17:33 PM -- INFO --  60        -1.338E+0            -1.252E+0              0.3603               
11/22/2023 04:17:33 PM -- INFO --  61        -1.320E+0            -1.241E+0              0.3525               
11/22/2023 04:17:34 PM -- INFO --  62        -1.314E+0            -1.234E+0              0.3406               
11/22/2023 04:17:34 PM -- INFO --  63        -1.317E+0            -1.263E+0              0.3271               
11/22/2023 04:17:34 PM -- INFO --  64        -1.350E+0            -1.263E+0              0.3421               
11/22/2023 04:17:35 PM -- INFO --  65        -1.332E+0            -1.260E+0              0.3284               
11/22/2023 04:17:35 PM -- INFO --  66        -1.359E+0            -1.290E+0              0.3173               
11/22/2023 04:17:35 PM -- INFO --  67        -1.363E+0            -1.267E+0              0.3219               
11/22/2023 04:17:36 PM -- INFO --  68        -1.350E+0            -1.272E+0              0.3033               
11/22/2023 04:17:36 PM -- INFO --  69        -1.350E+0            -1.276E+0              0.3041               
11/22/2023 04:17:36 PM -- INFO --  70        -1.356E+0            -1.289E+0              0.3086               
11/22/2023 04:17:36 PM -- INFO --  71        -1.373E+0            -1.319E+0              0.2981               
11/22/2023 04:17:37 PM -- INFO --  72        -1.459E+0            -1.403E+0              0.3559               
11/22/2023 04:17:37 PM -- INFO --  73        -1.407E+0            -1.287E+0              0.3754               
11/22/2023 04:17:37 PM -- INFO --  74        -1.402E+0            -1.391E+0              0.2967               
11/22/2023 04:17:38 PM -- INFO --  75        -1.585E+0            -1.557E+0              0.2826           +   
11/22/2023 04:17:38 PM -- INFO --  76        -1.677E+0            -1.539E+0              0.2627               
11/22/2023 04:17:39 PM -- INFO --  77        -1.607E+0            -1.506E+0              0.2487               
11/22/2023 04:17:39 PM -- INFO --  78        -1.599E+0            -1.488E+0              0.2601               
11/22/2023 04:17:39 PM -- INFO --  79        -1.555E+0            -1.431E+0              0.2728               
11/22/2023 04:17:40 PM -- INFO --  80        -1.427E+0            -1.292E+0              0.3371               
11/22/2023 04:17:40 PM -- INFO --  81        -1.358E+0            -1.272E+0              0.3282               
11/22/2023 04:17:40 PM -- INFO --  82        -1.347E+0            -1.261E+0              0.2844               
11/22/2023 04:17:40 PM -- INFO --  83        -1.347E+0            -1.222E+0              0.3311               
11/22/2023 04:17:41 PM -- INFO --  84        -1.256E+0            -1.148E+0              0.3545               
11/22/2023 04:17:41 PM -- INFO --  85        -1.207E+0            -1.131E+0              0.3348               
11/22/2023 04:17:41 PM -- INFO --  86        -1.201E+0            -1.121E+0              0.3328               
11/22/2023 04:17:42 PM -- INFO --  87        -1.181E+0            -1.091E+0              0.3241               
11/22/2023 04:17:42 PM -- INFO --  88        -1.171E+0            -1.079E+0              0.3388               
11/22/2023 04:17:42 PM -- INFO --  89        -1.118E+0            -1.029E+0              0.3698               
11/22/2023 04:17:43 PM -- INFO --  90        -1.067E+0            -9.902E-1              0.3438               
11/22/2023 04:17:43 PM -- INFO --  91        -1.052E+0            -9.414E-1              0.4408               
11/22/2023 04:17:44 PM -- INFO --  92        -1.018E+0            -9.602E-1              0.4080               
11/22/2023 04:17:44 PM -- INFO --  93        -9.693E-1            -9.175E-1              0.4403               
11/22/2023 04:17:44 PM -- INFO --  94        -9.931E-1            -9.492E-1              0.5607               
11/22/2023 04:17:44 PM -- INFO --  95        -9.927E-1            -9.342E-1              0.6416               
11/22/2023 04:17:45 PM -- INFO --  96        -9.643E-1            -9.099E-1              0.6709               
11/22/2023 04:17:45 PM -- INFO --  97        -9.587E-1            -8.808E-1              0.6682               
11/22/2023 04:17:45 PM -- INFO --  98        -9.005E-1            -8.338E-1              0.6464               
11/22/2023 04:17:46 PM -- INFO --  99        -8.637E-1            -8.062E-1              0.6363               
11/22/2023 04:17:46 PM -- INFO --  100       -8.298E-1            -7.628E-1              0.5736               
11/22/2023 04:17:47 PM -- INFO --  101       -7.861E-1            -7.339E-1              0.5325               
11/22/2023 04:17:47 PM -- INFO --  102       -7.757E-1            -7.486E-1              0.4430               
11/22/2023 04:17:47 PM -- INFO --  103       -7.928E-1            -7.634E-1              0.4016               
11/22/2023 04:17:48 PM -- INFO --  104       -8.222E-1            -7.949E-1              0.3914               
11/22/2023 04:17:48 PM -- INFO --  105       -8.539E-1            -8.204E-1              0.3825               
11/22/2023 04:17:48 PM -- INFO --  106       -8.729E-1            -8.346E-1              0.3613               
11/22/2023 04:17:48 PM -- INFO --  107       -8.827E-1            -8.407E-1              0.3348               
11/22/2023 04:17:49 PM -- INFO --  108       -9.441E-1            -9.633E-1              0.3888               
11/22/2023 04:17:49 PM -- INFO --  109       -9.932E-1            -9.133E-1              0.4112               
11/22/2023 04:17:49 PM -- INFO --  110       -9.555E-1            -9.070E-1              0.4282               
11/22/2023 04:17:50 PM -- INFO --  111       -9.427E-1            -8.985E-1              0.3939               
11/22/2023 04:17:50 PM -- INFO --  112       -9.522E-1            -8.807E-1              0.4759               
11/22/2023 04:17:51 PM -- INFO --  113       -9.033E-1            -8.471E-1              0.4651               
11/22/2023 04:17:51 PM -- INFO --  114       -8.858E-1            -8.385E-1              0.4391               
11/22/2023 04:17:51 PM -- INFO --  115       -8.773E-1            -8.121E-1              0.4961               
11/22/2023 04:17:52 PM -- INFO --  116       -8.439E-1            -7.768E-1              0.4717               
11/22/2023 04:17:52 PM -- INFO --  117       -8.167E-1            -7.779E-1              0.4309               
11/22/2023 04:17:52 PM -- INFO --  118       -8.180E-1            -7.815E-1              0.4101               
11/22/2023 04:17:52 PM -- INFO --  119       -8.490E-1            -8.074E-1              0.4152               
11/22/2023 04:17:53 PM -- INFO --  120       -8.481E-1            -8.030E-1              0.4082               
11/22/2023 04:17:53 PM -- INFO --  121       -8.519E-1            -8.047E-1              0.4030               
11/22/2023 04:17:54 PM -- INFO --  122       -8.437E-1            -7.890E-1              0.3857               
11/22/2023 04:17:54 PM -- INFO --  123       -8.381E-1            -7.882E-1              0.3618               
11/22/2023 04:17:54 PM -- INFO --  124       -8.572E-1            -8.315E-1              0.3515               
11/22/2023 04:17:55 PM -- INFO --  125       -8.930E-1            -8.583E-1              0.3953               
11/22/2023 04:17:55 PM -- INFO --  126       -9.286E-1            -8.994E-1              0.3765               
11/22/2023 04:17:55 PM -- INFO --  127       -9.986E-1            -9.506E-1              0.3506               
11/22/2023 04:17:56 PM -- INFO --  128       -1.005E+0            -9.506E-1              0.3450               
11/22/2023 04:17:56 PM -- INFO --  129       -1.040E+0            -1.006E+0              0.3373               
11/22/2023 04:17:56 PM -- INFO --  130       -1.050E+0            -9.800E-1              0.3282               
11/22/2023 04:17:56 PM -- INFO --  131       -1.078E+0            -1.043E+0              0.2977               
11/22/2023 04:17:57 PM -- INFO --  132       -1.127E+0            -1.061E+0              0.3058               
11/22/2023 04:17:57 PM -- INFO --  133       -1.126E+0            -1.087E+0              0.2882               
11/22/2023 04:17:57 PM -- INFO --  134       -1.183E+0            -1.123E+0              0.3131               
11/22/2023 04:17:58 PM -- INFO --  135       -1.189E+0            -1.116E+0              0.2815               
11/22/2023 04:17:58 PM -- INFO --  136       -1.187E+0            -1.125E+0              0.2963               
11/22/2023 04:17:58 PM -- INFO --  137       -1.185E+0            -1.132E+0              0.2756               
11/22/2023 04:17:59 PM -- INFO --  138       -1.214E+0            -1.137E+0              0.2728               
11/22/2023 04:17:59 PM -- INFO --  139       -1.230E+0            -1.185E+0              0.2475               
11/22/2023 04:17:59 PM -- INFO --  140       -1.284E+0            -1.218E+0              0.2691               
11/22/2023 04:18:00 PM -- INFO --  141       -1.315E+0            -1.284E+0              0.2677               
11/22/2023 04:18:00 PM -- INFO --  142       -1.371E+0            -1.296E+0              0.2388               
11/22/2023 04:18:00 PM -- INFO --  143       -1.375E+0            -1.290E+0              0.2479               
11/22/2023 04:18:01 PM -- INFO --  144       -1.352E+0            -1.289E+0              0.2294               
11/22/2023 04:18:01 PM -- INFO --  145       -1.376E+0            -1.338E+0              0.2375               
11/22/2023 04:18:01 PM -- INFO --  146       -1.444E+0            -1.382E+0              0.2054               
11/22/2023 04:18:02 PM -- INFO --  147       -1.484E+0            -1.402E+0              0.2132               
11/22/2023 04:18:02 PM -- INFO --  148       -1.516E+0            -1.415E+0              0.2136               
11/22/2023 04:18:02 PM -- INFO --  149       -1.501E+0            -1.413E+0              0.2028               
11/22/2023 04:18:02 PM -- INFO --  150       -1.519E+0            -1.471E+0              0.1855               
11/22/2023 04:18:03 PM -- INFO --  151       -1.625E+0            -1.596E+0              0.1808           +   
11/22/2023 04:18:03 PM -- INFO --  152       -1.724E+0            -1.601E+0              0.1908           +   
11/22/2023 04:18:03 PM -- INFO --  153       -1.702E+0            -1.587E+0              0.1943               
11/22/2023 04:18:04 PM -- INFO --  154       -1.715E+0            -1.602E+0              0.1867           +   
11/22/2023 04:18:04 PM -- INFO --  155       -1.685E+0            -1.579E+0              0.2027               
11/22/2023 04:18:04 PM -- INFO --  156       -1.674E+0            -1.598E+0              0.2053               
11/22/2023 04:18:05 PM -- INFO --  157       -1.710E+0            -1.655E+0              0.2039           +   
11/22/2023 04:18:05 PM -- INFO --  158       -1.759E+0            -1.691E+0              0.2112           +   
11/22/2023 04:18:06 PM -- INFO --  159       -1.894E+0            -1.932E+0              0.2814           +   
11/22/2023 04:18:06 PM -- INFO --  160       -2.152E+0            -2.059E+0              0.2784           +   
11/22/2023 04:18:06 PM -- INFO --  161       -2.243E+0            -2.100E+0              0.2404           +   
11/22/2023 04:18:06 PM -- INFO --  162       -2.160E+0            -2.052E+0              0.2544               
11/22/2023 04:18:07 PM -- INFO --  163       -2.231E+0            -2.094E+0              0.2579               
11/22/2023 04:18:07 PM -- INFO --  164       -2.204E+0            -2.126E+0              0.2636           +   
11/22/2023 04:18:07 PM -- INFO --  165       -2.314E+0            -2.192E+0              0.2677           +   
11/22/2023 04:18:08 PM -- INFO --  166       -2.304E+0            -2.203E+0              0.2631           +   
11/22/2023 04:18:08 PM -- INFO --  167       -2.335E+0            -2.160E+0              0.2331               
11/22/2023 04:18:08 PM -- INFO --  168       -1.880E+0            -1.477E+0              0.3956               
11/22/2023 04:18:09 PM -- INFO --  169       -1.408E+0            -1.258E+0              0.2965               
11/22/2023 04:18:09 PM -- INFO --  170       -1.294E+0            -1.224E+0              0.2798               
11/22/2023 04:18:09 PM -- INFO --  171       -1.276E+0            -1.158E+0              0.2532               
11/22/2023 04:18:09 PM -- INFO --  172       -1.206E+0            -1.164E+0              0.2676               
11/22/2023 04:18:10 PM -- INFO --  173       -1.224E+0            -1.164E+0              0.2326               
11/22/2023 04:18:10 PM -- INFO --  174       -1.202E+0            -1.159E+0              0.2362               
11/22/2023 04:18:10 PM -- INFO --  175       -1.213E+0            -1.133E+0              0.2817               
11/22/2023 04:18:11 PM -- INFO --  176       -1.161E+0            -1.122E+0              0.2907               
11/22/2023 04:18:11 PM -- INFO --  177       -1.188E+0            -1.134E+0              0.3081               
11/22/2023 04:18:12 PM -- INFO --  178       -1.208E+0            -1.151E+0              0.3679               
11/22/2023 04:18:12 PM -- INFO --  179       -1.230E+0            -1.197E+0              0.3605               
11/22/2023 04:18:12 PM -- INFO --  180       -1.242E+0            -1.169E+0              0.4012               
11/22/2023 04:18:13 PM -- INFO --  181       -1.233E+0            -1.147E+0              0.4035               
11/22/2023 04:18:13 PM -- INFO --  182       -1.194E+0            -1.103E+0              0.3526               
11/22/2023 04:18:13 PM -- INFO --  183       -1.129E+0            -1.048E+0              0.3553               
11/22/2023 04:18:14 PM -- INFO --  184       -1.074E+0            -1.010E+0              0.3248               
11/22/2023 04:18:14 PM -- INFO --  185       -1.051E+0            -9.917E-1              0.3353               
11/22/2023 04:18:14 PM -- INFO --  186       -1.075E+0            -1.035E+0              0.3928               
11/22/2023 04:18:15 PM -- INFO --  187       -1.039E+0            -9.510E-1              0.4410               
11/22/2023 04:18:15 PM -- INFO --  188       -1.004E+0            -9.765E-1              0.3230               
11/22/2023 04:18:15 PM -- INFO --  189       -1.036E+0            -9.933E-1              0.3035               
11/22/2023 04:18:15 PM -- INFO --  190       -1.053E+0            -9.890E-1              0.3006               
11/22/2023 04:18:16 PM -- INFO --  191       -1.036E+0            -1.029E+0              0.2975               
11/22/2023 04:18:16 PM -- INFO --  192       -1.083E+0            -1.024E+0              0.2857               
11/22/2023 04:18:17 PM -- INFO --  193       -1.065E+0            -1.013E+0              0.2770               
11/22/2023 04:18:17 PM -- INFO --  194       -1.038E+0            -9.868E-1              0.2811               
11/22/2023 04:18:17 PM -- INFO --  195       -1.051E+0            -9.832E-1              0.2584               
11/22/2023 04:18:18 PM -- INFO --  196       -1.023E+0            -9.823E-1              0.2830               
11/22/2023 04:18:18 PM -- INFO --  197       -1.013E+0            -9.577E-1              0.2420               
11/22/2023 04:18:18 PM -- INFO --  198       -1.006E+0            -9.645E-1              0.2669               
11/22/2023 04:18:18 PM -- INFO --  199       -1.004E+0            -9.664E-1              0.2708               
11/22/2023 04:18:19 PM -- INFO --  200       -1.002E+0            -9.629E-1              0.2469               
11/22/2023 04:18:19 PM -- DEBUG -- Final Validation Loss: -2.203478
11/22/2023 04:18:19 PM -- DEBUG -- Final Test Loss: -2.197942
11/22/2023 04:18:19 PM -- DEBUG -- Avg. Malware Bits Changed Changed: 24.615385
