11/22/2023 04:44:36 PM -- INFO -- ******************* New Run Beginning *****************
11/22/2023 04:44:36 PM -- DEBUG -- CUDA: ENABLED
11/22/2023 04:44:36 PM -- INFO -- ./MalwareGAN/main.py 10 32 50 ./MalwareGAN/data/trial_mal.npy ./MalwareGAN/data/trial_ben.npy
11/22/2023 04:44:36 PM -- DEBUG -- Constructing new MalGAN
11/22/2023 04:44:36 PM -- DEBUG -- Malware Dimension (M): 128
11/22/2023 04:44:36 PM -- DEBUG -- Latent Dimension (Z): 10
11/22/2023 04:44:36 PM -- DEBUG -- Test Split Ratio: 0.200
11/22/2023 04:44:36 PM -- DEBUG -- Generator Hidden Layer Sizes: [256, 256]
11/22/2023 04:44:36 PM -- DEBUG -- Discriminator Hidden Layer Sizes: [256, 256]
11/22/2023 04:44:36 PM -- DEBUG -- Blackbox Detector Type: RandomForest
11/22/2023 04:44:36 PM -- DEBUG -- Activation Type: LeakyReLU
11/22/2023 04:44:36 PM -- DEBUG -- Starting training of blackbox detector of type "RandomForest"
11/22/2023 04:44:36 PM -- DEBUG -- COMPLETED training of blackbox detector of type "RandomForest"
11/22/2023 04:44:37 PM -- INFO -- Epoch    Gen Train Loss       Gen Valid Loss     Discrim Train Loss   Best? 
11/22/2023 04:44:37 PM -- INFO -- ----- -------------------- -------------------- -------------------- -------
11/22/2023 04:44:38 PM -- INFO --   1        -7.202E-1            -7.090E-1              1.4429           +   
11/22/2023 04:44:39 PM -- INFO --   2        -7.039E-1            -6.997E-1              1.4499               
11/22/2023 04:44:39 PM -- INFO --   3        -7.025E-1            -7.013E-1              1.4170               
11/22/2023 04:44:40 PM -- INFO --   4        -7.008E-1            -6.907E-1              1.3877               
11/22/2023 04:44:40 PM -- INFO --   5        -6.846E-1            -6.709E-1              1.3623               
11/22/2023 04:44:40 PM -- INFO --   6        -6.688E-1            -6.592E-1              1.3430               
11/22/2023 04:44:40 PM -- INFO --   7        -6.614E-1            -6.535E-1              1.3339               
11/22/2023 04:44:41 PM -- INFO --   8        -6.527E-1            -6.365E-1              1.3270               
11/22/2023 04:44:41 PM -- INFO --   9        -6.330E-1            -6.152E-1              1.3040               
11/22/2023 04:44:42 PM -- INFO --  10        -6.130E-1            -5.970E-1              1.2839               
11/22/2023 04:44:42 PM -- INFO --  11        -6.055E-1            -5.910E-1              1.2743               
11/22/2023 04:44:42 PM -- INFO --  12        -5.913E-1            -5.768E-1              1.2570               
11/22/2023 04:44:43 PM -- INFO --  13        -5.843E-1            -5.763E-1              1.2455               
11/22/2023 04:44:43 PM -- INFO --  14        -5.848E-1            -5.729E-1              1.2382               
11/22/2023 04:44:43 PM -- INFO --  15        -5.826E-1            -5.756E-1              1.2284               
11/22/2023 04:44:43 PM -- INFO --  16        -5.881E-1            -5.718E-1              1.2227               
11/22/2023 04:44:44 PM -- INFO --  17        -5.867E-1            -5.736E-1              1.2014               
11/22/2023 04:44:44 PM -- INFO --  18        -5.910E-1            -5.842E-1              1.1868               
11/22/2023 04:44:44 PM -- INFO --  19        -6.064E-1            -5.965E-1              1.1672               
11/22/2023 04:44:45 PM -- INFO --  20        -6.223E-1            -6.135E-1              1.1467               
11/22/2023 04:44:45 PM -- INFO --  21        -6.355E-1            -6.199E-1              1.1258               
11/22/2023 04:44:46 PM -- INFO --  22        -6.499E-1            -6.402E-1              1.1025               
11/22/2023 04:44:46 PM -- INFO --  23        -6.714E-1            -6.636E-1              1.0652               
11/22/2023 04:44:46 PM -- INFO --  24        -7.020E-1            -6.924E-1              1.0141               
11/22/2023 04:44:46 PM -- INFO --  25        -7.309E-1            -7.154E-1              0.9689           +   
11/22/2023 04:44:47 PM -- INFO --  26        -7.649E-1            -7.504E-1              0.9254           +   
11/22/2023 04:44:47 PM -- INFO --  27        -8.008E-1            -7.745E-1              0.8989           +   
11/22/2023 04:44:47 PM -- INFO --  28        -8.184E-1            -7.934E-1              0.8578           +   
11/22/2023 04:44:48 PM -- INFO --  29        -8.417E-1            -8.117E-1              0.8224           +   
11/22/2023 04:44:48 PM -- INFO --  30        -8.624E-1            -8.172E-1              0.8078           +   
11/22/2023 04:44:49 PM -- INFO --  31        -8.515E-1            -8.055E-1              0.7747               
11/22/2023 04:44:49 PM -- INFO --  32        -8.472E-1            -8.071E-1              0.7442               
11/22/2023 04:44:49 PM -- INFO --  33        -8.592E-1            -8.164E-1              0.7195               
11/22/2023 04:44:49 PM -- INFO --  34        -8.625E-1            -8.170E-1              0.6838               
11/22/2023 04:44:50 PM -- INFO --  35        -8.799E-1            -8.457E-1              0.6497           +   
11/22/2023 04:44:50 PM -- INFO --  36        -9.153E-1            -9.002E-1              0.6159           +   
11/22/2023 04:44:50 PM -- INFO --  37        -9.709E-1            -9.312E-1              0.5916           +   
11/22/2023 04:44:51 PM -- INFO --  38        -9.920E-1            -9.412E-1              0.5870           +   
11/22/2023 04:44:51 PM -- INFO --  39        -9.967E-1            -9.503E-1              0.5576           +   
11/22/2023 04:44:51 PM -- INFO --  40        -1.009E+0            -9.570E-1              0.5405           +   
11/22/2023 04:44:52 PM -- INFO --  41        -1.024E+0            -9.665E-1              0.5198           +   
11/22/2023 04:44:52 PM -- INFO --  42        -1.023E+0            -9.884E-1              0.5149           +   
11/22/2023 04:44:52 PM -- INFO --  43        -1.050E+0            -9.954E-1              0.4878           +   
11/22/2023 04:44:53 PM -- INFO --  44        -1.047E+0            -1.005E+0              0.4878           +   
11/22/2023 04:44:53 PM -- INFO --  45        -1.053E+0            -9.989E-1              0.4728               
11/22/2023 04:44:53 PM -- INFO --  46        -1.065E+0            -1.000E+0              0.4611               
11/22/2023 04:44:54 PM -- INFO --  47        -1.049E+0            -9.911E-1              0.4556               
11/22/2023 04:44:54 PM -- INFO --  48        -1.052E+0            -1.002E+0              0.4452               
11/22/2023 04:44:55 PM -- INFO --  49        -1.076E+0            -1.035E+0              0.4297           +   
11/22/2023 04:44:55 PM -- INFO --  50        -1.095E+0            -1.052E+0              0.4190           +   
11/22/2023 04:44:55 PM -- DEBUG -- Final Validation Loss: -1.051629
11/22/2023 04:44:55 PM -- DEBUG -- Final Test Loss: -1.064729
11/22/2023 04:44:55 PM -- DEBUG -- Avg. Malware Bits Changed Changed: 22.663004
